<?xml version="1.0" encoding="UTF-8"?>
<!-- Generated by org.testng.reporters.JUnitReportReporter -->
<testsuite hostname="DESKTOP-NKEQP0M" failures="0" tests="1" name="com.sel.selprac" time="4.405" errors="0" timestamp="2023-05-01T12:30:51 IST" skipped="0">
  <testcase classname="com.sel.selprac" name="setup" time="4.405"/>
  <system-out/>
</testsuite> <!-- com.sel.selprac -->
